# JRE version: Java(TM) SE Runtime Environment (8.0_66-b17) (build 1.8.0_66-b17)
# Java VM: Java HotSpot(TM) 64-Bit Server VM (25.66-b17 mixed mode windows-amd64 compressed oops)
Heap:
 PSYoungGen      total 250880K, used 43590K [0x00000000d5f00000, 0x00000000eca00000, 0x0000000100000000)
  eden space 237568K, 12% used [0x00000000d5f00000,0x00000000d7c92550,0x00000000e4700000)
  from space 13312K, 99% used [0x00000000e4700000,0x00000000e53ff4f0,0x00000000e5400000)
  to   space 17920K, 0% used [0x00000000eb880000,0x00000000eb880000,0x00000000eca00000)
 ParOldGen       total 77824K, used 29302K [0x0000000081c00000, 0x0000000086800000, 0x00000000d5f00000)
  object space 77824K, 37% used [0x0000000081c00000,0x000000008389d8c0,0x0000000086800000)
 Metaspace       used 51208K, capacity 51582K, committed 52264K, reserved 1095680K
  class space    used 6488K, capacity 6576K, committed 6696K, reserved 1048576K
GC Heap History (10 events):
Event: 1.826 GC heap before
{Heap before GC invocations=7 (full 1):
 PSYoungGen      total 144384K, used 6561K [0x00000000d5f00000, 0x00000000df700000, 0x0000000100000000)
  eden space 133120K, 0% used [0x00000000d5f00000,0x00000000d5f00000,0x00000000de100000)
  from space 11264K, 58% used [0x00000000dec00000,0x00000000df268488,0x00000000df700000)
  to   space 11264K, 0% used [0x00000000de100000,0x00000000de100000,0x00000000dec00000)
 ParOldGen       total 87552K, used 15823K [0x0000000081c00000, 0x0000000087180000, 0x00000000d5f00000)
  object space 87552K, 18% used [0x0000000081c00000,0x0000000082b73d08,0x0000000087180000)
 Metaspace       used 20850K, capacity 21084K, committed 21296K, reserved 1069056K
  class space    used 2568K, capacity 2623K, committed 2688K, reserved 1048576K
Event: 1.859 GC heap after
Heap after GC invocations=7 (full 1):
 PSYoungGen      total 144384K, used 0K [0x00000000d5f00000, 0x00000000df700000, 0x0000000100000000)
  eden space 133120K, 0% used [0x00000000d5f00000,0x00000000d5f00000,0x00000000de100000)
  from space 11264K, 0% used [0x00000000dec00000,0x00000000dec00000,0x00000000df700000)
  to   space 11264K, 0% used [0x00000000de100000,0x00000000de100000,0x00000000dec00000)
 ParOldGen       total 57344K, used 11344K [0x0000000081c00000, 0x0000000085400000, 0x00000000d5f00000)
  object space 57344K, 19% used [0x0000000081c00000,0x0000000082714048,0x0000000085400000)
 Metaspace       used 20850K, capacity 21084K, committed 21296K, reserved 1069056K
  class space    used 2568K, capacity 2623K, committed 2688K, reserved 1048576K
}
Event: 2.936 GC heap before
{Heap before GC invocations=8 (full 1):
 PSYoungGen      total 144384K, used 133120K [0x00000000d5f00000, 0x00000000df700000, 0x0000000100000000)
  eden space 133120K, 100% used [0x00000000d5f00000,0x00000000de100000,0x00000000de100000)
  from space 11264K, 0% used [0x00000000dec00000,0x00000000dec00000,0x00000000df700000)
  to   space 11264K, 0% used [0x00000000de100000,0x00000000de100000,0x00000000dec00000)
 ParOldGen       total 57344K, used 11344K [0x0000000081c00000, 0x0000000085400000, 0x00000000d5f00000)
  object space 57344K, 19% used [0x0000000081c00000,0x0000000082714048,0x0000000085400000)
 Metaspace       used 27175K, capacity 27410K, committed 27776K, reserved 1073152K
  class space    used 3342K, capacity 3400K, committed 3456K, reserved 1048576K
Event: 2.980 GC heap after
Heap after GC invocations=8 (full 1):
 PSYoungGen      total 144384K, used 9349K [0x00000000d5f00000, 0x00000000e5f80000, 0x0000000100000000)
  eden space 133120K, 0% used [0x00000000d5f00000,0x00000000d5f00000,0x00000000de100000)
  from space 11264K, 82% used [0x00000000de100000,0x00000000dea21468,0x00000000dec00000)
  to   space 11776K, 0% used [0x00000000e5400000,0x00000000e5400000,0x00000000e5f80000)
 ParOldGen       total 57344K, used 11352K [0x0000000081c00000, 0x0000000085400000, 0x00000000d5f00000)
  object space 57344K, 19% used [0x0000000081c00000,0x0000000082716048,0x0000000085400000)
 Metaspace       used 27175K, capacity 27410K, committed 27776K, reserved 1073152K
  class space    used 3342K, capacity 3400K, committed 3456K, reserved 1048576K
}
Event: 4.221 GC heap before
{Heap before GC invocations=9 (full 1):
 PSYoungGen      total 144384K, used 105321K [0x00000000d5f00000, 0x00000000e5f80000, 0x0000000100000000)
  eden space 133120K, 72% used [0x00000000d5f00000,0x00000000dbcb91d0,0x00000000de100000)
  from space 11264K, 82% used [0x00000000de100000,0x00000000dea21468,0x00000000dec00000)
  to   space 11776K, 0% used [0x00000000e5400000,0x00000000e5400000,0x00000000e5f80000)
 ParOldGen       total 57344K, used 11352K [0x0000000081c00000, 0x0000000085400000, 0x00000000d5f00000)
  object space 57344K, 19% used [0x0000000081c00000,0x0000000082716048,0x0000000085400000)
 Metaspace       used 34980K, capacity 35238K, committed 35496K, reserved 1081344K
  class space    used 4414K, capacity 4490K, committed 4520K, reserved 1048576K
Event: 4.303 GC heap after
Heap after GC invocations=9 (full 1):
 PSYoungGen      total 249344K, used 11773K [0x00000000d5f00000, 0x00000000e6200000, 0x0000000100000000)
  eden space 237568K, 0% used [0x00000000d5f00000,0x00000000d5f00000,0x00000000e4700000)
  from space 11776K, 99% used [0x00000000e5400000,0x00000000e5f7f758,0x00000000e5f80000)
  to   space 13312K, 0% used [0x00000000e4700000,0x00000000e4700000,0x00000000e5400000)
 ParOldGen       total 57344K, used 12762K [0x0000000081c00000, 0x0000000085400000, 0x00000000d5f00000)
  object space 57344K, 22% used [0x0000000081c00000,0x0000000082876860,0x0000000085400000)
 Metaspace       used 34980K, capacity 35238K, committed 35496K, reserved 1081344K
  class space    used 4414K, capacity 4490K, committed 4520K, reserved 1048576K
}
Event: 4.303 GC heap before
{Heap before GC invocations=10 (full 2):
 PSYoungGen      total 249344K, used 11773K [0x00000000d5f00000, 0x00000000e6200000, 0x0000000100000000)
  eden space 237568K, 0% used [0x00000000d5f00000,0x00000000d5f00000,0x00000000e4700000)
  from space 11776K, 99% used [0x00000000e5400000,0x00000000e5f7f758,0x00000000e5f80000)
  to   space 13312K, 0% used [0x00000000e4700000,0x00000000e4700000,0x00000000e5400000)
 ParOldGen       total 57344K, used 12762K [0x0000000081c00000, 0x0000000085400000, 0x00000000d5f00000)
  object space 57344K, 22% used [0x0000000081c00000,0x0000000082876860,0x0000000085400000)
 Metaspace       used 34980K, capacity 35238K, committed 35496K, reserved 1081344K
  class space    used 4414K, capacity 4490K, committed 4520K, reserved 1048576K
Event: 4.373 GC heap after
Heap after GC invocations=10 (full 2):
 PSYoungGen      total 249344K, used 0K [0x00000000d5f00000, 0x00000000e6200000, 0x0000000100000000)
  eden space 237568K, 0% used [0x00000000d5f00000,0x00000000d5f00000,0x00000000e4700000)
  from space 11776K, 0% used [0x00000000e5400000,0x00000000e5400000,0x00000000e5f80000)
  to   space 13312K, 0% used [0x00000000e4700000,0x00000000e4700000,0x00000000e5400000)
 ParOldGen       total 77824K, used 21712K [0x0000000081c00000, 0x0000000086800000, 0x00000000d5f00000)
  object space 77824K, 27% used [0x0000000081c00000,0x0000000083134070,0x0000000086800000)
 Metaspace       used 34980K, capacity 35238K, committed 35496K, reserved 1081344K
  class space    used 4414K, capacity 4490K, committed 4520K, reserved 1048576K
}
Event: 43.951 GC heap before
{Heap before GC invocations=11 (full 2):
 PSYoungGen      total 249344K, used 237568K [0x00000000d5f00000, 0x00000000e6200000, 0x0000000100000000)
  eden space 237568K, 100% used [0x00000000d5f00000,0x00000000e4700000,0x00000000e4700000)
  from space 11776K, 0% used [0x00000000e5400000,0x00000000e5400000,0x00000000e5f80000)
  to   space 13312K, 0% used [0x00000000e4700000,0x00000000e4700000,0x00000000e5400000)
 ParOldGen       total 77824K, used 21712K [0x0000000081c00000, 0x0000000086800000, 0x00000000d5f00000)
  object space 77824K, 27% used [0x0000000081c00000,0x0000000083134070,0x0000000086800000)
 Metaspace       used 50099K, capacity 50476K, committed 51112K, reserved 1093632K
  class space    used 6402K, capacity 6509K, committed 6568K, reserved 1048576K
Event: 43.965 GC heap after
Heap after GC invocations=11 (full 2):
 PSYoungGen      total 250880K, used 13309K [0x00000000d5f00000, 0x00000000eca00000, 0x0000000100000000)
  eden space 237568K, 0% used [0x00000000d5f00000,0x00000000d5f00000,0x00000000e4700000)
  from space 13312K, 99% used [0x00000000e4700000,0x00000000e53ff4f0,0x00000000e5400000)
  to   space 17920K, 0% used [0x00000000eb880000,0x00000000eb880000,0x00000000eca00000)
 ParOldGen       total 77824K, used 29302K [0x0000000081c00000, 0x0000000086800000, 0x00000000d5f00000)
  object space 77824K, 37% used [0x0000000081c00000,0x000000008389d8c0,0x0000000086800000)
 Metaspace       used 50099K, capacity 50476K, committed 51112K, reserved 1093632K
  class space    used 6402K, capacity 6509K, committed 6568K, reserved 1048576K
}

